🌍 GeoRisk DAV Backend Starting...
📡 Fetching data from all APIs...
  → Phase 1: Countries + World Bank...
    → Calling REST Countries API...
    → Fetching all World Bank indicators...
    → Fetching indicator EG.IMP.CONS.ZS...
    → Fetching indicator TM.VAL.FOOD.ZS.UN...
    → Fetching indicator NE.TRD.GNFS.ZS...
    → Fetching indicator NY.GDP.MKTP.CD...
    ✅ Got 95 countries for EG.IMP.CONS.ZS
    ✅ Got 198 countries for NE.TRD.GNFS.ZS
    ✅ Got 236 countries for NY.GDP.MKTP.CD
    ✅ Got 163 countries for TM.VAL.FOOD.ZS.UN
    ✅ World Bank data ready for 217 countries
    ✅ Loaded 250 countries
  → Phase 2: Energy + Food + Trade...
    → Fetching EIA crude oil imports...
    → Fetching EIA international energy...
    → Loading FAO food data (static fallback)...
    ✅ FAO food data: 42 countries (static)
    → Fetching OEC trade data...
    ⚠ EIA international empty — using fallback
    ✅ EIA crude imports: 31 countries
    ✅ OEC trade data: 47 countries
  → Phase 3: Loading fallback conflict data...
  ✅ All data loaded successfully
     Countries : 250
     WB data   : 217
     Energy    : 31
     Food      : 42
     Trade     : 47
     Conflicts : 12 (fallback)
✅ All data loaded. Server ready.
🛑 Server shutting down...
